<?xml version="1.0" encoding="UTF-8"?>
<!-- Generated by org.testng.reporters.JUnitReportReporter -->
<testsuite hostname="raju-pc" failures="0" tests="1" name="MyPack.NewTest" time="7.202" errors="0" timestamp="2023-06-22T14:53:42 EDT" skipped="0">
  <testcase classname="MyPack.NewTest" name="f" time="7.202"/>
</testsuite> <!-- MyPack.NewTest -->
